[    0.000000] Linux version 4.15.0-118-generic (buildd@lgw01-amd64-039) (gcc version 7.5.0 (Ubuntu 7.5.0-3ubuntu1~18.04)) #119-Ubuntu SMP Tue Sep 8 12:30:01 UTC 2020 (Ubuntu 4.15.0-118.119-generic 4.15.18)
[    0.000000] Command line: BOOT_IMAGE=/boot/vmlinuz-4.15.0-118-generic root=LABEL=cloudimg-rootfs ro console=tty1 console=ttyS0
[    0.000000] KERNEL supported cpus:
[    0.000000]   Intel GenuineIntel
[    0.000000]   AMD AuthenticAMD
[    0.000000]   Centaur CentaurHauls
[    0.000000] [Firmware Bug]: TSC doesn't count with P0 frequency!
[    0.000000] x86/fpu: Supporting XSAVE feature 0x001: 'x87 floating point registers'
[    0.000000] x86/fpu: Supporting XSAVE feature 0x002: 'SSE registers'
[    0.000000] x86/fpu: Supporting XSAVE feature 0x004: 'AVX registers'
[    0.000000] x86/fpu: xstate_offset[2]:  576, xstate_sizes[2]:  256
[    0.000000] x86/fpu: Enabled xstate features 0x7, context size is 832 bytes, using 'standard' format.
[    0.000000] e820: BIOS-provided physical RAM map:
[    0.000000] BIOS-e820: [mem 0x0000000000000000-0x000000000009fbff] usable
[    0.000000] BIOS-e820: [mem 0x000000000009fc00-0x000000000009ffff] reserved
[    0.000000] BIOS-e820: [mem 0x00000000000f0000-0x00000000000fffff] reserved
[    0.000000] BIOS-e820: [mem 0x0000000000100000-0x000000003ffeffff] usable
[    0.000000] BIOS-e820: [mem 0x000000003fff0000-0x000000003fffffff] ACPI data
[    0.000000] BIOS-e820: [mem 0x00000000fec00000-0x00000000fec00fff] reserved
[    0.000000] BIOS-e820: [mem 0x00000000fee00000-0x00000000fee00fff] reserved
[    0.000000] BIOS-e820: [mem 0x00000000fffc0000-0x00000000ffffffff] reserved
[    0.000000] NX (Execute Disable) protection: active
[    0.000000] SMBIOS 2.5 present.
[    0.000000] DMI: innotek GmbH VirtualBox/VirtualBox, BIOS VirtualBox 12/01/2006
[    0.000000] Hypervisor detected: KVM
[    0.000000] e820: last_pfn = 0x3fff0 max_arch_pfn = 0x400000000
[    0.000000] MTRR: Disabled
[    0.000000] x86/PAT: MTRRs disabled, skipping PAT initialization too.
[    0.000000] CPU MTRRs all blank - virtualized system.
[    0.000000] x86/PAT: Configuration [0-7]: WB  WT  UC- UC  WB  WT  UC- UC  
[    0.000000] found SMP MP-table at [mem 0x0009fff0-0x0009ffff]
[    0.000000] Scanning 1 areas for low memory corruption
[    0.000000] RAMDISK: [mem 0x35a67000-0x36d2afff]
[    0.000000] ACPI: Early table checksum verification disabled
[    0.000000] ACPI: RSDP 0x00000000000E0000 000024 (v02 VBOX  )
[    0.000000] ACPI: XSDT 0x000000003FFF0030 00003C (v01 VBOX   VBOXXSDT 00000001 ASL  00000061)
[    0.000000] ACPI: FACP 0x000000003FFF00F0 0000F4 (v04 VBOX   VBOXFACP 00000001 ASL  00000061)
[    0.000000] ACPI: DSDT 0x000000003FFF0470 002325 (v02 VBOX   VBOXBIOS 00000002 INTL 20100528)
[    0.000000] ACPI: FACS 0x000000003FFF0200 000040
[    0.000000] ACPI: FACS 0x000000003FFF0200 000040
[    0.000000] ACPI: APIC 0x000000003FFF0240 00005C (v02 VBOX   VBOXAPIC 00000001 ASL  00000061)
[    0.000000] ACPI: SSDT 0x000000003FFF02A0 0001CC (v01 VBOX   VBOXCPUT 00000002 INTL 20100528)
[    0.000000] No NUMA configuration found
[    0.000000] Faking a node at [mem 0x0000000000000000-0x000000003ffeffff]
[    0.000000] NODE_DATA(0) allocated [mem 0x3ffc5000-0x3ffeffff]
[    0.000000] kvm-clock: cpu 0, msr 0:3ff44001, primary cpu clock
[    0.000000] kvm-clock: Using msrs 4b564d01 and 4b564d00
[    0.000000] kvm-clock: using sched offset of 8021954208 cycles
[    0.000000] clocksource: kvm-clock: mask: 0xffffffffffffffff max_cycles: 0x1cd42e4dffb, max_idle_ns: 881590591483 ns
[    0.000000] Zone ranges:
[    0.000000]   DMA      [mem 0x0000000000001000-0x0000000000ffffff]
[    0.000000]   DMA32    [mem 0x0000000001000000-0x000000003ffeffff]
[    0.000000]   Normal   empty
[    0.000000]   Device   empty
[    0.000000] Movable zone start for each node
[    0.000000] Early memory node ranges
[    0.000000]   node   0: [mem 0x0000000000001000-0x000000000009efff]
[    0.000000]   node   0: [mem 0x0000000000100000-0x000000003ffeffff]
[    0.000000] Reserved but unavailable: 98 pages
[    0.000000] Initmem setup node 0 [mem 0x0000000000001000-0x000000003ffeffff]
[    0.000000] ACPI: PM-Timer IO Port: 0x4008
[    0.000000] IOAPIC[0]: apic_id 2, version 32, address 0xfec00000, GSI 0-23
[    0.000000] ACPI: INT_SRC_OVR (bus 0 bus_irq 0 global_irq 2 dfl dfl)
[    0.000000] ACPI: INT_SRC_OVR (bus 0 bus_irq 9 global_irq 9 low level)
[    0.000000] Using ACPI (MADT) for SMP configuration information
[    0.000000] smpboot: Allowing 2 CPUs, 0 hotplug CPUs
[    0.000000] PM: Registered nosave memory: [mem 0x00000000-0x00000fff]
[    0.000000] PM: Registered nosave memory: [mem 0x0009f000-0x0009ffff]
[    0.000000] PM: Registered nosave memory: [mem 0x000a0000-0x000effff]
[    0.000000] PM: Registered nosave memory: [mem 0x000f0000-0x000fffff]
[    0.000000] e820: [mem 0x40000000-0xfebfffff] available for PCI devices
[    0.000000] Booting paravirtualized kernel on KVM
[    0.000000] clocksource: refined-jiffies: mask: 0xffffffff max_cycles: 0xffffffff, max_idle_ns: 7645519600211568 ns
[    0.000000] random: get_random_bytes called from start_kernel+0x99/0x500 with crng_init=0
[    0.000000] setup_percpu: NR_CPUS:8192 nr_cpumask_bits:2 nr_cpu_ids:2 nr_node_ids:1
[    0.000000] percpu: Embedded 45 pages/cpu s147456 r8192 d28672 u1048576
[    0.000000] PV qspinlock hash table entries: 256 (order: 0, 4096 bytes)
[    0.000000] Built 1 zonelists, mobility grouping on.  Total pages: 257913
[    0.000000] Policy zone: DMA32
[    0.000000] Kernel command line: BOOT_IMAGE=/boot/vmlinuz-4.15.0-118-generic root=LABEL=cloudimg-rootfs ro console=tty1 console=ttyS0
[    0.000000] Memory: 983032K/1048120K available (12300K kernel code, 2482K rwdata, 4272K rodata, 2436K init, 2724K bss, 65088K reserved, 0K cma-reserved)
[    0.000000] SLUB: HWalign=64, Order=0-3, MinObjects=0, CPUs=2, Nodes=1
[    0.000000] ftrace: allocating 39396 entries in 154 pages
[    0.004000] Hierarchical RCU implementation.
[    0.004000] 	RCU restricting CPUs from NR_CPUS=8192 to nr_cpu_ids=2.
[    0.004000] 	Tasks RCU enabled.
[    0.004000] RCU: Adjusting geometry for rcu_fanout_leaf=16, nr_cpu_ids=2
[    0.004000] NR_IRQS: 524544, nr_irqs: 440, preallocated irqs: 16
[    0.004000] Console: colour VGA+ 80x25
[    0.004000] console [tty1] enabled
[    0.004000] console [ttyS0] enabled
[    0.004000] ACPI: Core revision 20170831
[    0.004000] ACPI: 2 ACPI AML tables successfully acquired and loaded
[    0.004000] APIC: Switch to symmetric I/O mode setup
[    0.004000] x2apic enabled
[    0.004025] Switched APIC routing to physical x2apic.
[    0.012000] ..TIMER: vector=0x30 apic1=0 pin1=2 apic2=-1 pin2=-1
[    0.012039] tsc: Detected 1497.192 MHz processor
[    0.016023] Calibrating delay loop (skipped) preset value.. 2994.38 BogoMIPS (lpj=5988768)
[    0.020020] pid_max: default: 32768 minimum: 301
[    0.024092] Security Framework initialized
[    0.028021] Yama: becoming mindful.
[    0.030817] AppArmor: AppArmor initialized
[    0.040136] Dentry cache hash table entries: 131072 (order: 8, 1048576 bytes)
[    0.044282] Inode-cache hash table entries: 65536 (order: 7, 524288 bytes)
[    0.048078] Mount-cache hash table entries: 2048 (order: 2, 16384 bytes)
[    0.052046] Mountpoint-cache hash table entries: 2048 (order: 2, 16384 bytes)
[    0.057178] BIOS may not properly restore RDRAND after suspend, but hypervisor does not support hiding RDRAND via CPUID.
[    0.060140] Last level iTLB entries: 4KB 512, 2MB 8, 4MB 4
[    0.064019] Last level dTLB entries: 4KB 512, 2MB 256, 4MB 128, 1GB 0
[    0.068023] Spectre V1 : Mitigation: usercopy/swapgs barriers and __user pointer sanitization
[    0.072018] Spectre V2 : Spectre mitigation: LFENCE not serializing, switching to generic retpoline
[    0.076011] Spectre V2 : Mitigation: Full generic retpoline
[    0.080009] Spectre V2 : Spectre v2 / SpectreRSB mitigation: Filling RSB on context switch
[    0.084020] Speculative Store Bypass: Mitigation: Speculative Store Bypass disabled via prctl and seccomp
[    0.088517] Freeing SMP alternatives memory: 36K
[    0.221211] APIC calibration not consistent with PM-Timer: 105ms instead of 100ms
[    0.224000] APIC delta adjusted to PM-Timer: 6422058 (6762364)
[    0.224257] smpboot: CPU0: AMD E2-6110 APU with AMD Radeon R2 Graphics (family: 0x16, model: 0x30, stepping: 0x1)
[    0.228326] Performance Events: PMU not available due to virtualization, using software events only.
[    0.232557] Hierarchical SRCU implementation.
[    0.244089] NMI watchdog: Perf event create on CPU 0 failed with -2
[    0.247737] NMI watchdog: Perf NMI watchdog permanently disabled
[    0.248325] smp: Bringing up secondary CPUs ...
[    0.252412] x86: Booting SMP configuration:
[    0.256023] .... node  #0, CPUs:      #1
[    0.004000] kvm-clock: cpu 1, msr 0:3ff44041, secondary cpu clock
[    0.268073] smp: Brought up 1 node, 2 CPUs
[    0.272037] smpboot: Max logical packages: 1
[    0.274632] smpboot: Total of 2 processors activated (5988.76 BogoMIPS)
[    0.276580] devtmpfs: initialized
[    0.280234] x86/mm: Memory block size: 128MB
[    0.284554] evm: security.selinux
[    0.288020] evm: security.SMACK64
[    0.290325] evm: security.SMACK64EXEC
[    0.292018] evm: security.SMACK64TRANSMUTE
[    0.296017] evm: security.SMACK64MMAP
[    0.298265] evm: security.apparmor
[    0.300044] evm: security.ima
[    0.304022] evm: security.capability
[    0.312164] clocksource: jiffies: mask: 0xffffffff max_cycles: 0xffffffff, max_idle_ns: 7645041785100000 ns
[    0.316061] futex hash table entries: 512 (order: 3, 32768 bytes)
[    0.320211] pinctrl core: initialized pinctrl subsystem
[    0.324417] RTC time:  8:29:00, date: 10/13/20
[    0.329243] NET: Registered protocol family 16
[    0.332298] audit: initializing netlink subsys (disabled)
[    0.336164] audit: type=2000 audit(1602577749.596:1): state=initialized audit_enabled=0 res=1
[    0.344020] cpuidle: using governor ladder
[    0.348008] cpuidle: using governor menu
[    0.352000] ACPI: bus type PCI registered
[    0.352000] acpiphp: ACPI Hot Plug PCI Controller Driver version: 0.5
[    0.352628] PCI: Using configuration type 1 for base access
[    0.356020] PCI: Using configuration type 1 for extended access
[    0.367040] HugeTLB registered 2.00 MiB page size, pre-allocated 0 pages
[    0.372320] ACPI: Added _OSI(Module Device)
[    0.372320] ACPI: Added _OSI(Processor Device)
[    0.376025] ACPI: Added _OSI(3.0 _SCP Extensions)
[    0.380027] ACPI: Added _OSI(Processor Aggregator Device)
[    0.384027] ACPI: Added _OSI(Linux-Dell-Video)
[    0.388028] ACPI: Added _OSI(Linux-Lenovo-NV-HDMI-Audio)
[    0.392099] ACPI: Added _OSI(Linux-HPI-Hybrid-Graphics)
[    0.400904] ACPI: Executed 1 blocks of module-level executable AML code
[    0.419167] ACPI: Interpreter enabled
[    0.420081] ACPI: (supports S0 S5)
[    0.424019] ACPI: Using IOAPIC for interrupt routing
[    0.429283] PCI: Using host bridge windows from ACPI; if necessary, use "pci=nocrs" and report a bug
[    0.436788] ACPI: Enabled 2 GPEs in block 00 to 07
[    0.469447] ACPI: PCI Root Bridge [PCI0] (domain 0000 [bus 00-ff])
[    0.472052] acpi PNP0A03:00: _OSC: OS supports [ExtendedConfig ASPM ClockPM Segments MSI]
[    0.484638] acpi PNP0A03:00: _OSC: platform does not support [PCIeCapability]
[    0.496883] acpi PNP0A03:00: _OSC: not requesting control; platform does not support [PCIeCapability]
[    0.504036] acpi PNP0A03:00: _OSC: OS requested [PCIeHotplug PME AER PCIeCapability]
[    0.512022] acpi PNP0A03:00: _OSC: platform willing to grant [PCIeHotplug PME AER]
[    0.520022] acpi PNP0A03:00: _OSC failed (AE_SUPPORT); disabling ASPM
[    0.533506] PCI host bridge to bus 0000:00
[    0.536029] pci_bus 0000:00: root bus resource [io  0x0000-0x0cf7 window]
[    0.540031] pci_bus 0000:00: root bus resource [io  0x0d00-0xffff window]
[    0.548032] pci_bus 0000:00: root bus resource [mem 0x000a0000-0x000bffff window]
[    0.552033] pci_bus 0000:00: root bus resource [mem 0x40000000-0xfdffffff window]
[    0.560037] pci_bus 0000:00: root bus resource [bus 00-ff]
[    0.573409] pci 0000:00:01.1: legacy IDE quirk: reg 0x10: [io  0x01f0-0x01f7]
[    0.576029] pci 0000:00:01.1: legacy IDE quirk: reg 0x14: [io  0x03f6]
[    0.584024] pci 0000:00:01.1: legacy IDE quirk: reg 0x18: [io  0x0170-0x0177]
[    0.588024] pci 0000:00:01.1: legacy IDE quirk: reg 0x1c: [io  0x0376]
[    0.680236] pci 0000:00:07.0: quirk: [io  0x4000-0x403f] claimed by PIIX4 ACPI
[    0.684076] pci 0000:00:07.0: quirk: [io  0x4100-0x410f] claimed by PIIX4 SMB
[    0.720095] ACPI: PCI Interrupt Link [LNKA] (IRQs 5 9 10 *11)
[    0.721458] ACPI: PCI Interrupt Link [LNKB] (IRQs 5 9 *10 11)
[    0.724563] ACPI: PCI Interrupt Link [LNKC] (IRQs 5 *9 10 11)
[    0.732525] ACPI: PCI Interrupt Link [LNKD] (IRQs 5 9 10 *11)
[    0.737149] SCSI subsystem initialized
[    0.744137] pci 0000:00:02.0: vgaarb: setting as boot VGA device
[    0.748000] pci 0000:00:02.0: vgaarb: VGA device added: decodes=io+mem,owns=io+mem,locks=none
[    0.756029] pci 0000:00:02.0: vgaarb: bridge control possible
[    0.760016] vgaarb: loaded
[    0.762052] ACPI: bus type USB registered
[    0.764117] usbcore: registered new interface driver usbfs
[    0.772090] usbcore: registered new interface driver hub
[    0.780125] usbcore: registered new device driver usb
[    0.784384] EDAC MC: Ver: 3.0.0
[    0.792777] PCI: Using ACPI for IRQ routing
[    0.797034] NetLabel: Initializing
[    0.800026] NetLabel:  domain hash size = 128
[    0.808017] NetLabel:  protocols = UNLABELED CIPSOv4 CALIPSO
[    0.812104] NetLabel:  unlabeled traffic allowed by default
[    0.820206] clocksource: Switched to clocksource kvm-clock
[    0.909869] VFS: Disk quotas dquot_6.6.0
[    0.920776] VFS: Dquot-cache hash table entries: 512 (order 0, 4096 bytes)
[    0.927805] AppArmor: AppArmor Filesystem Enabled
[    0.931532] pnp: PnP ACPI init
[    0.939212] pnp: PnP ACPI: found 3 devices
[    0.963769] clocksource: acpi_pm: mask: 0xffffff max_cycles: 0xffffff, max_idle_ns: 2085701024 ns
[    0.970132] NET: Registered protocol family 2
[    0.973341] TCP established hash table entries: 8192 (order: 4, 65536 bytes)
[    0.978587] TCP bind hash table entries: 8192 (order: 5, 131072 bytes)
[    0.988241] TCP: Hash tables configured (established 8192 bind 8192)
[    0.997957] UDP hash table entries: 512 (order: 2, 16384 bytes)
[    1.001658] UDP-Lite hash table entries: 512 (order: 2, 16384 bytes)
[    1.005728] NET: Registered protocol family 1
[    1.008270] pci 0000:00:00.0: Limiting direct PCI/PCI transfers
[    1.013305] pci 0000:00:01.0: Activating ISA DMA hang workarounds
[    1.022221] pci 0000:00:02.0: Video device with shadowed ROM at [mem 0x000c0000-0x000dffff]
[    1.051653] Unpacking initramfs...
[    2.386060] Freeing initrd memory: 19216K
[    2.388851] clocksource: tsc: mask: 0xffffffffffffffff max_cycles: 0x1594c60bad9, max_idle_ns: 440795256279 ns
[    2.398229] platform rtc_cmos: registered platform RTC device (no PNP device found)
[    2.403135] Scanning for low memory corruption every 60 seconds
[    2.408979] Initialise system trusted keyrings
[    2.411820] Key type blacklist registered
[    2.414936] workingset: timestamp_bits=36 max_order=18 bucket_order=0
[    2.422019] zbud: loaded
[    2.425421] squashfs: version 4.0 (2009/01/31) Phillip Lougher
[    2.430018] fuse init (API version 7.26)
[    2.446535] Key type asymmetric registered
[    2.448999] Asymmetric key parser 'x509' registered
[    2.455033] Block layer SCSI generic (bsg) driver version 0.4 loaded (major 246)
[    2.459811] io scheduler noop registered
[    2.463459] io scheduler deadline registered
[    2.466260] io scheduler cfq registered (default)
[    2.470039] ACPI: AC Adapter [AC] (on-line)
[    2.473412] input: Power Button as /devices/LNXSYSTM:00/LNXPWRBN:00/input/input0
[    2.478491] ACPI: Power Button [PWRF]
[    2.481023] input: Sleep Button as /devices/LNXSYSTM:00/LNXSLPBN:00/input/input1
[    2.485359] ACPI: Sleep Button [SLPF]
[    2.493091] ACPI: Battery Slot [BAT0] (battery present)
[    2.497508] Serial: 8250/16550 driver, 32 ports, IRQ sharing enabled
[    2.505106] 00:02: ttyS0 at I/O 0x3f8 (irq = 4, base_baud = 115200) is a 16550A
[    2.538582] Linux agpgart interface v0.103
[    2.546535] loop: module loaded
[    2.550336] scsi host0: ata_piix
[    2.552843] scsi host1: ata_piix
[    2.554933] ata1: PATA max UDMA/33 cmd 0x1f0 ctl 0x3f6 bmdma 0xd000 irq 14
[    2.559080] ata2: PATA max UDMA/33 cmd 0x170 ctl 0x376 bmdma 0xd008 irq 15
[    2.565264] libphy: Fixed MDIO Bus: probed
[    2.568022] tun: Universal TUN/TAP device driver, 1.6
[    2.571649] PPP generic driver version 2.4.2
[    2.575052] ehci_hcd: USB 2.0 'Enhanced' Host Controller (EHCI) Driver
[    2.579695] ehci-pci: EHCI PCI platform driver
[    2.582508] ehci-platform: EHCI generic platform driver
[    2.585642] ohci_hcd: USB 1.1 'Open' Host Controller (OHCI) Driver
[    2.589469] ohci-pci: OHCI PCI platform driver
[    2.592520] ohci-platform: OHCI generic platform driver
[    2.598075] uhci_hcd: USB Universal Host Controller Interface driver
[    2.605647] i8042: PNP: PS/2 Controller [PNP0303:PS2K,PNP0f03:PS2M] at 0x60,0x64 irq 1,12
[    2.614122] serio: i8042 KBD port at 0x60,0x64 irq 1
[    2.633304] serio: i8042 AUX port at 0x60,0x64 irq 12
[    2.639540] mousedev: PS/2 mouse device common for all mice
[    2.644819] input: AT Translated Set 2 keyboard as /devices/platform/i8042/serio0/input/input2
[    2.649597] rtc_cmos rtc_cmos: rtc core: registered rtc_cmos as rtc0
[    2.654626] rtc_cmos rtc_cmos: alarms up to one day, 114 bytes nvram
[    2.658381] i2c /dev entries driver
[    2.661548] device-mapper: uevent: version 1.0.3
[    2.667892] device-mapper: ioctl: 4.37.0-ioctl (2017-09-20) initialised: dm-devel@redhat.com
[    2.674695] ledtrig-cpu: registered to indicate activity on CPUs
[    2.679313] x86/pm: family 0x16 cpu detected, MSR saving is needed during suspending.
[    2.684365] NET: Registered protocol family 10
[    2.701646] Segment Routing with IPv6
[    2.704835] NET: Registered protocol family 17
[    2.707710] Key type dns_resolver registered
[    2.711488] mce: Using 0 MCE banks
[    2.713711] RAS: Correctable Errors collector initialized.
[    2.717170] sched_clock: Marking stable (2717056464, 0)->(3439167174, -722110710)
[    2.732778] registered taskstats version 1
[    2.735579] Loading compiled-in X.509 certificates
[    2.754923] Loaded X.509 cert 'Build time autogenerated kernel key: 12f2d460e247d21dc5d156478bb7d4abc0f5a070'
[    2.763263] zswap: loaded using pool lzo/zbud
[    2.779731] Key type big_key registered
[    2.785531] Key type trusted registered
[    2.794033] Key type encrypted registered
[    2.796809] AppArmor: AppArmor sha1 policy hashing enabled
[    2.799945] ima: No TPM chip found, activating TPM-bypass! (rc=-19)
[    2.803941] ima: Allocated hash algorithm: sha1
[    2.806842] evm: HMAC attrs: 0x1
[    2.809950]   Magic number: 8:773:472
[    2.812333] acpi LNXSYSTM:00: hash matches
[    2.815039] rtc_cmos rtc_cmos: setting system clock to 2020-10-13 08:29:02 UTC (1602577742)
[    2.820426] BIOS EDD facility v0.16 2004-Jun-25, 0 devices found
[    2.824243] EDD information not available.
[    2.838582] Freeing unused kernel image memory: 2436K
[    2.860268] Write protecting the kernel read-only data: 20480k
[    2.866217] Freeing unused kernel image memory: 2008K
[    2.870801] Freeing unused kernel image memory: 1872K
[    2.908435] x86/mm: Checked W+X mappings: passed, no W+X pages found.
Loading, please wait...
starting version 237
[    3.297223] Fusion MPT base driver 3.04.20
[    3.300093] Copyright (c) 1999-2008 LSI Corporation
[    3.328134] e1000: Intel(R) PRO/1000 Network Driver - version 7.3.21-k8-NAPI
[    3.332583] e1000: Copyright (c) 1999-2006 Intel Corporation.
[    3.428187] AVX version of gcm_enc/dec engaged.
[    3.431865] AES CTR mode by8 optimization enabled
[    3.446352] Fusion MPT SPI Host driver 3.04.20
[    3.552247] input: ImExPS/2 Generic Explorer Mouse as /devices/platform/i8042/serio1/input/input4
[    4.210808] e1000 0000:00:03.0 eth0: (PCI:33MHz:32-bit) 02:9d:c8:d0:97:b6
[    4.214697] e1000 0000:00:03.0 eth0: Intel(R) PRO/1000 Network Connection
[    4.224806] mptbase: ioc0: Initiating bringup
[    4.231435] e1000 0000:00:03.0 enp0s3: renamed from eth0
[    4.669898] ioc0: LSI53C1030 A0: Capabilities={Initiator}
[    4.917845] scsi host2: ioc0: LSI53C1030 A0, FwRev=00000000h, Ports=1, MaxQ=256, IRQ=20
[    5.090127] scsi 2:0:0:0: Direct-Access     VBOX     HARDDISK         1.0  PQ: 0 ANSI: 5
[    5.129084] scsi target2:0:0: Beginning Domain Validation
[    5.140285] scsi target2:0:0: Domain Validation skipping write tests
[    5.145038] scsi target2:0:0: Ending Domain Validation
[    5.149267] scsi target2:0:0: asynchronous
[    5.157134] random: fast init done
[    5.161212] scsi 2:0:1:0: Direct-Access     VBOX     HARDDISK         1.0  PQ: 0 ANSI: 5
[    5.352914] scsi target2:0:1: Beginning Domain Validation
[    5.363293] scsi target2:0:1: Domain Validation skipping write tests
[    5.366965] scsi target2:0:1: Ending Domain Validation
[    5.370221] scsi target2:0:1: asynchronous
[    5.390674] random: systemd-udevd: uninitialized urandom read (16 bytes read)
[    5.390980] sd 2:0:0:0: Attached scsi generic sg0 type 0
[    5.396622] random: systemd-udevd: uninitialized urandom read (16 bytes read)
[    5.402401] sd 2:0:1:0: Attached scsi generic sg1 type 0
[    5.409680] sd 2:0:0:0: [sda] 20971520 512-byte logical blocks: (10.7 GB/10.0 GiB)
[    5.409864] sd 2:0:0:0: [sda] Write Protect is off
[    5.410083] sd 2:0:1:0: [sdb] 20480 512-byte logical blocks: (10.5 MB/10.0 MiB)
[    5.410414] sd 2:0:0:0: [sda] Incomplete mode parameter data
[    5.410418] sd 2:0:0:0: [sda] Assuming drive cache: write through
[    5.410463] sd 2:0:1:0: [sdb] Write Protect is off
[    5.411102] sd 2:0:1:0: [sdb] Incomplete mode parameter data
[    5.429594] random: systemd-udevd: uninitialized urandom read (16 bytes read)
[    5.432821] sd 2:0:1:0: [sdb] Assuming drive cache: write through
[    5.469521]  sda: sda1
[    5.506442] sd 2:0:0:0: [sda] Attached SCSI disk
[    5.513803] sd 2:0:1:0: [sdb] Attached SCSI disk
Begin: Loading essential drivers ... [    8.488797] raid6: sse2x1   gen()   267 MB/s
[    8.541487] raid6: sse2x1   xor()   589 MB/s
[    8.598096] raid6: sse2x2   gen()   326 MB/s
[    8.652984] raid6: sse2x2   xor()   677 MB/s
[    8.704256] raid6: sse2x4   gen()   767 MB/s
[    8.752077] raid6: sse2x4   xor()  1209 MB/s
[    8.754821] raid6: using algorithm sse2x4 gen() 767 MB/s
[    8.758134] raid6: .... xor() 1209 MB/s, rmw enabled
[    8.762839] raid6: using ssse3x2 recovery algorithm
[    8.770914] xor: automatically using best checksumming function   avx       
[    8.785781] async_tx: api initialized (async)
done.
Begin: Running /scripts/init-premount ... done.
Begin: Mounting root file system ... Begin: Running /scripts/local-top ... done.
Begin: Running /scripts/local-premount ... [    8.954122] Btrfs loaded, crc32c=crc32c-intel
Scanning for Btrfs filesystems
done.
Warning: fsck not present, so skipping root file system
[    9.189786] EXT4-fs (sda1): INFO: recovery required on readonly filesystem
[    9.195178] EXT4-fs (sda1): write access will be enabled during recovery
[    9.467571] EXT4-fs (sda1): recovery complete
[    9.472099] EXT4-fs (sda1): mounted filesystem with ordered data mode. Opts: (null)
done.
Begin: Running /scripts/local-bottom ... done.
Begin: Running /scripts/init-bottom ... done.
[   11.165325] random: crng init done
[   11.168334] random: 7 urandom warning(s) missed due to ratelimiting
[   11.947143] ip_tables: (C) 2000-2006 Netfilter Core Team
[   12.134313] systemd[1]: systemd 237 running in system mode. (+PAM +AUDIT +SELINUX +IMA +APPARMOR +SMACK +SYSVINIT +UTMP +LIBCRYPTSETUP +GCRYPT +GNUTLS +ACL +XZ +LZ4 +SECCOMP +BLKID +ELFUTILS +KMOD -IDN2 +IDN -PCRE2 default-hierarchy=hybrid)
[   12.147107] systemd[1]: Detected virtualization oracle.
[   12.150530] systemd[1]: Detected architecture x86-64.

Welcome to [1mUbuntu 18.04.5 LTS[0m!

[   12.245726] systemd[1]: Set hostname to <ubuntu-bionic>.
[   15.097915] systemd[1]: Started Forward Password Requests to Wall Directory Watch.
[[0;32m  OK  [0m] Started Forward Password Requests to Wall Directory Watch.
[   15.107564] systemd[1]: Reached target System Time Synchronized.
[[0;32m  OK  [0m] Reached target System Time Synchronized.
[   15.116620] systemd[1]: Reached target User and Group Name Lookups.
[[0;32m  OK  [0m] Reached target User and Group Name Lookups.
[   15.156729] systemd[1]: Set up automount Arbitrary Executable File Formats File System Automount Point.
[[0;32m  OK  [0m] Set up automount Arbitrary Executab…rmats File System Automount Point.
[   15.187037] systemd[1]: Created slice System Slice.
[[0;32m  OK  [0m] Created slice System Slice.
[   15.240730] systemd[1]: Listening on Journal Socket.
[[0;32m  OK  [0m] Listening on Journal Socket.
[[0;32m  OK  [0m] Listening on Network Service Netlink Socket.
         Starting Set the console keyboard layout...
[[0;32m  OK  [0m] Listening on LVM2 poll daemon socket.
         Starting Uncomplicated firewall...
[[0;32m  OK  [0m] Listening on /dev/initctl Compatibility Named Pipe.
         Starting Create list of required st…ce nodes for the current kernel...
[[0;32m  OK  [0m] Listening on LVM2 metadata daemon socket.
[[0;32m  OK  [0m] Listening on Journal Socket (/dev/log).
         Mounting POSIX Message Queue File System...
         Mounting Kernel Debug File System...
         Mounting Huge Pages File System...
[[0;32m  OK  [0m] Listening on udev Control Socket.
[[0;32m  OK  [0m] Listening on Syslog Socket.
         Starting Load Kernel Modules...
[[0;32m  OK  [0m] Listening on Journal Audit Socket.
         Starting Journal Service...
[[0;32m  OK  [0m] Reached target Swap.
[[0;32m  OK  [0m] Created slice User and Session Slice.
[[0;32m  OK  [0m] Reached target Slices.
[[0;32m  OK  [0m] Created slice system-serial\x2dgetty.slice.
[[0;32m  OK  [0m] Listening on Device-mapper event daemon FIFOs.
         Starting Monitoring of LVM2 mirrors…ng dmeventd or progress polling...
[[0;32m  OK  [0m] Listening on udev Kernel Socket.
         Starting udev Coldplug all Devices...
         Starting Remount Root and Kernel File Systems...
[[0;32m  OK  [0m] Started Uncomplicated firewall.
[[0;32m  OK  [0m] Started Create list of required sta…vice nodes for the current kernel.
[[0;32m  OK  [0m] Mounted POSIX Message Queue File System.
[[0;32m  OK  [0m] Mounted Kernel Debug File System.
[[0;32m  OK  [0m] Mounted Huge Pages File System.
         Starting Create Static Device Nodes in /dev...
[[0;32m  OK  [0m] Started udev Coldplug all Devices.
[   16.229215] EXT4-fs (sda1): re-mounted. Opts: (null)
[[0;32m  OK  [0m] Started Remount Root and Kernel File Systems.
[   16.407187] Loading iSCSI transport class v2.0-870.
         Starting Load/Save Random Seed...
[[0;32m  OK  [0m] Started Journal Service.
[[0;32m  OK  [0m] Started Set the console keyboard layout.
[[0;32m  OK  [0m] Started LVM2 metadata daemon.
         Starting Flush Journal to Persistent Storage...
[[0;32m  OK  [0m] Started Load/Save Random Seed.
[   17.057030] systemd-journald[406]: Received request to flush runtime journal from PID 1
[   17.105424] iscsi: registered transport (tcp)
[[0;32m  OK  [0m] Started Create Static Device Nodes in /dev.
         Starting udev Kernel Device Manager...
[[0;32m  OK  [0m] Started Monitoring of LVM2 mirrors,…sing dmeventd or progress polling.
[[0;32m  OK  [0m] Reached target Local File Systems (Pre).
         Mounting /vagrant...
[[0;32m  OK  [0m] Reached target Local File Systems.
         Starting AppArmor initialization...
         Starting ebtables ruleset management...
         Starting Tell Plymouth To Write Out Runtime Data...
         Starting Set console font and keymap...
[   17.681303] iscsi: registered transport (iser)
[[0;32m  OK  [0m] Started Load Kernel Modules.
         Mounting Kernel Configuration File System...
         Mounting FUSE Control File System...
         Starting Apply Kernel Variables...
[[0;32m  OK  [0m] Mounted Kernel Configuration File System.
[[0;32m  OK  [0m] Mounted FUSE Control File System.
[[0;32m  OK  [0m] Started Tell Plymouth To Write Out Runtime Data.
[[0;32m  OK  [0m] Started Set console font and keymap.
[   18.331176] systemd-journald[406]: File /var/log/journal/97b4e2e6263644a5ac45220ec69151bf/system.journal corrupted or uncleanly shut down, renaming and replacing.
[   18.355253] vgdrvHeartbeatInit: Setting up heartbeat to trigger every 2000 milliseconds
[   18.362959] input: Unspecified device as /devices/pci0000:00/0000:00:04.0/input/input5
[   18.369589] vboxguest: misc device minor 56, IRQ 20, I/O port d020, MMIO at 00000000f0400000 (size 0x400000)
[[0;32m  OK  [0m] Mounted /vagrant.
[[0;32m  OK  [0m] Started Apply Kernel Variables.
[[0;32m  OK  [0m] Started Flush Journal to Persistent Storage.
         Starting Create Volatile Files and Directories...
[[0;32m  OK  [0m] Started udev Kernel Device Manager.
[[0;32m  OK  [0m] Started Dispatch Password Requests to Console Directory Watch.
[[0;32m  OK  [0m] Reached target Local Encrypted Volumes.
[[0;32m  OK  [0m] Started ebtables ruleset management.
[[0;32m  OK  [0m] Started Create Volatile Files and Directories.
         Starting Update UTMP about System Boot/Shutdown...
[[0;32m  OK  [0m] Started Update UTMP about System Boot/Shutdown.
[[0;32m  OK  [0m] Found device /dev/ttyS0.
[[0;32m  OK  [0m] Listening on Load/Save RF Kill Switch Status /dev/rfkill Watch.
[[0;32m  OK  [0m] Started AppArmor initialization.
         Starting Load AppArmor profiles managed internally by snapd...
         Starting Initial cloud-init job (pre-networking)...
[[0;32m  OK  [0m] Started Load AppArmor profiles managed internally by snapd.
[   32.678960] cloud-init[559]: Cloud-init v. 20.3-2-g371b392c-0ubuntu1~18.04.1 running 'init-local' at Tue, 13 Oct 2020 08:29:31 +0000. Up 31.54 seconds.
[[0;32m  OK  [0m] Started Initial cloud-init job (pre-networking).
[[0;32m  OK  [0m] Reached target Network (Pre).
         Starting Network Service...
[[0;32m  OK  [0m] Started Network Service.
         Starting Wait for Network to be Configured...
         Starting Network Name Resolution...
[[0;32m  OK  [0m] Started Network Name Resolution.
[[0;32m  OK  [0m] Reached target Host and Network Name Lookups.
[[0;32m  OK  [0m] Reached target Network.
[[0;32m  OK  [0m] Started Wait for Network to be Configured.
         Starting Initial cloud-init job (metadata service crawler)...
[   40.574081] cloud-init[672]: Cloud-init v. 20.3-2-g371b392c-0ubuntu1~18.04.1 running 'init' at Tue, 13 Oct 2020 08:29:37 +0000. Up 38.16 seconds.
[   40.586111] cloud-init[672]: ci-info: ++++++++++++++++++++++++++++++++++++++Net device info++++++++++++++++++++++++++++++++++++++
[   40.596906] cloud-init[672]: ci-info: +--------+------+----------------------------+---------------+--------+-------------------+
[   40.602239] cloud-init[672]: ci-info: | Device |  Up  |          Address           |      Mask     | Scope  |     Hw-Address    |
[   40.608650] cloud-init[672]: ci-info: +--------+------+----------------------------+---------------+--------+-------------------+
[   40.616868] cloud-init[672]: ci-info: | enp0s3 | True |         10.0.2.15          | 255.255.255.0 | global | 02:9d:c8:d0:97:b6 |
[   40.625574] cloud-init[672]: ci-info: | enp0s3 | True | fe80::9d:c8ff:fed0:97b6/64 |       .       |  link  | 02:9d:c8:d0:97:b6 |
[   40.637632] cloud-init[672]: ci-info: |   lo   | True |         127.0.0.1          |   255.0.0.0   |  host  |         .         |
[   40.644512] cloud-init[672]: ci-info: |   lo   | True |          ::1/128           |       .       |  host  |         .         |
[   40.655092] cloud-init[672]: ci-info: +--------+------+----------------------------+---------------+--------+-------------------+
[   40.663490] cloud-init[672]: ci-info: ++++++++++++++++++++++++++++Route IPv4 info+++++++++++++++++++++++++++++
[   40.671887] cloud-init[672]: ci-info: +-------+-------------+----------+-----------------+-----------+-------+
[   40.683529] cloud-init[672]: ci-info: | Route | Destination | Gateway  |     Genmask     | Interface | Flags |
[   40.690290] cloud-init[672]: ci-info: +-------+-------------+----------+-----------------+-----------+-------+
[   40.700199] cloud-init[672]: ci-info: |   0   |   0.0.0.0   | 10.0.2.2 |     0.0.0.0     |   enp0s3  |   UG  |
[   40.707592] cloud-init[672]: ci-info: |   1   |   10.0.2.0  | 0.0.0.0  |  255.255.255.0  |   enp0s3  |   U   |
[   40.724936] cloud-init[672]: ci-info: |   2   |   10.0.2.2  | 0.0.0.0  | 255.255.255.255 |   enp0s3  |   UH  |
[   40.745310] cloud-init[672]: ci-info: +-------+-------------+----------+-----------------+-----------+-------+
[   40.749881] cloud-init[672]: ci-info: +++++++++++++++++++Route IPv6 info+++++++++++++++++++
[   40.754383] cloud-init[672]: ci-info: +-------+-------------+---------+-----------+-------+
[   40.759282] cloud-init[672]: ci-info: | Route | Destination | Gateway | Interface | Flags |
[   40.765231] cloud-init[672]: ci-info: +-------+-------------+---------+-----------+-------+
[   40.773127] cloud-init[672]: ci-info: |   1   |  fe80::/64  |    ::   |   enp0s3  |   U   |
[   40.779395] cloud-init[672]: ci-info: |   3   |    local    |    ::   |   enp0s3  |   U   |
[   40.797164] cloud-init[672]: ci-info: |   4   |   ff00::/8  |    ::   |   enp0s3  |   U   |
[   40.801098] cloud-init[672]: ci-info: +-------+-------------+---------+-----------+-------+
[[0;32m  OK  [0m] Started Initial cloud-init job (metadata service crawler).
[[0;32m  OK  [0m] Reached target Network is Online.
         Starting Availability of block devices...
[[0;32m  OK  [0m] Reached target Remote File Systems (Pre).
[[0;32m  OK  [0m] Reached target Remote File Systems.
[[0;32m  OK  [0m] Reached target System Initialization.
[[0;32m  OK  [0m] Listening on Open-iSCSI iscsid Socket.
[[0;32m  OK  [0m] Started Daily Cleanup of Temporary Directories.
[[0;32m  OK  [0m] Listening on ACPID Listen Socket.
         Starting Socket activation for snappy daemon.
[[0;32m  OK  [0m] Listening on UUID daemon activation socket.
[[0;32m  OK  [0m] Started ACPI Events Check.
[[0;32m  OK  [0m] Reached target Paths.
[[0;32m  OK  [0m] Started Discard unused blocks once a week.
         Starting LXD - unix socket.
[[0;32m  OK  [0m] Started Message of the Day.
[[0;32m  OK  [0m] Listening on D-Bus System Message Bus Socket.
[[0;32m  OK  [0m] Started Daily apt upgrade and clean activities.
[[0;32m  OK  [0m] Reached target Timers.
[[0;32m  OK  [0m] Reached target Cloud-config availability.
[[0;32m  OK  [0m] Started Availability of block devices.
[[0;32m  OK  [0m] Listening on Socket activation for snappy daemon.
[[0;32m  OK  [0m] Listening on LXD - unix socket.
[[0;32m  OK  [0m] Reached target Sockets.
[[0;32m  OK  [0m] Reached target Basic System.
         Starting Virtualbox guest utils...
         Starting Permit User Sessions...
[[0;32m  OK  [0m] Started D-Bus System Message Bus.
         Starting System Logging Service...
         Starting LSB: Record successful boot for GRUB...
[[0;32m  OK  [0m] Started Regular background program processing daemon.
         Starting Accounts Service...
         Starting LSB: automatic crash report generation...
         Starting OpenBSD Secure Shell server...
         Starting Dispatcher daemon for systemd-networkd...
         Starting LXD - container startup/shutdown...
[[0;32m  OK  [0m] Started irqbalance daemon.
         Starting Login Service...
[[0;32m  OK  [0m] Started Deferred execution scheduler.
[[0;32m  OK  [0m] Started FUSE filesystem for LXC.
         Starting Snap Daemon...
[[0;32m  OK  [0m] Started System Logging Service.
[[0;32m  OK  [0m] Started Permit User Sessions.
[[0;32m  OK  [0m] Started Login Service.
[[0;32m  OK  [0m] Started Unattended Upgrades Shutdown.
         Starting Authorization Manager...
         Starting Terminate Plymouth Boot Screen...
         Starting Hold until boot process finishes up...
[[0;32m  OK  [0m] Started Terminate Plymouth Boot Screen.
[[0;32m  OK  [0m] Started Hold until boot process finishes up.
         Starting Set console scheme...
[[0;32m  OK  [0m] Started Serial Getty on ttyS0.
[[0;32m  OK  [0m] Started LSB: automatic crash report generation.
[[0;32m  OK  [0m] Started Set console scheme.
[[0;32m  OK  [0m] Created slice system-getty.slice.
[[0;32m  OK  [0m] Started Getty on tty1.
[[0;32m  OK  [0m] Reached target Login Prompts.
[[0;32m  OK  [0m] Started LSB: Record successful boot for GRUB.
[[0;32m  OK  [0m] Started Authorization Manager.
[[0;32m  OK  [0m] Started Accounts Service.
[[0;32m  OK  [0m] Started OpenBSD Secure Shell server.
[[0;32m  OK  [0m] Started Virtualbox guest utils.
[[0;32m  OK  [0m] Started Dispatcher daemon for systemd-networkd.

Ubuntu 18.04.5 LTS ubuntu-bionic ttyS0

ubuntu-bionic login: [   58.827911] cloud-init[1180]: Cloud-init v. 20.3-2-g371b392c-0ubuntu1~18.04.1 running 'modules:config' at Tue, 13 Oct 2020 08:29:56 +0000. Up 56.84 seconds.
[   62.815345] cloud-init[1276]: Cloud-init v. 20.3-2-g371b392c-0ubuntu1~18.04.1 running 'modules:final' at Tue, 13 Oct 2020 08:30:01 +0000. Up 62.14 seconds.
[   62.815945] cloud-init[1276]: Cloud-init v. 20.3-2-g371b392c-0ubuntu1~18.04.1 finished at Tue, 13 Oct 2020 08:30:02 +0000. Datasource DataSourceNoCloud [seed=/dev/sdb][dsmode=net].  Up 62.78 seconds
